2012-09-04 18:04:03 Error: [MissingControllerException] Controller class CssController could not be found.
#0 /Applications/MAMP/htdocs/cakeStrap/app/webroot/index.php(92): Dispatcher->dispatch(Object(CakeRequest), Object(CakeResponse))
#1 {main}
2012-09-04 18:22:02 Error: [MissingControllerException] Controller class CssController could not be found.
#0 /Applications/MAMP/htdocs/cakeStrap/app/webroot/index.php(92): Dispatcher->dispatch(Object(CakeRequest), Object(CakeResponse))
#1 {main}
2012-09-04 18:35:02 Error: Fatal Error (4): syntax error, unexpected ')', expecting ',' or ';' in [/Applications/MAMP/htdocs/cakeStrap/app/View/Layouts/default.ctp, line 21]
2012-09-04 18:35:02 Error: [FatalErrorException] syntax error, unexpected ')', expecting ',' or ';'
#0 /Applications/MAMP/htdocs/cakeStrap/lib/Cake/Error/ErrorHandler.php(162): ErrorHandler::handleFatalError(4, 'syntax error, u...', '/Applications/M...', 21)
#1 [internal function]: ErrorHandler::handleError(4, 'syntax error, u...', '/Applications/M...', 21, Array)
#2 /Applications/MAMP/htdocs/cakeStrap/lib/Cake/Core/App.php(926): call_user_func('ErrorHandler::h...', 4, 'syntax error, u...', '/Applications/M...', 21, Array)
#3 /Applications/MAMP/htdocs/cakeStrap/lib/Cake/Core/App.php(899): App::_checkFatalError()
#4 [internal function]: App::shutdown()
#5 {main}
2013-03-16 15:37:33 Error: [MissingConnectionException] Database connection "SQLSTATE[HY000] [2002] Nenhuma conexão pôde ser feita porque a máquina de destino as recusou ativamente.
" is missing, or could not be created.
#0 C:\xampp\htdocs\cakestrap\lib\Cake\Model\Datasource\DboSource.php(260): Mysql->connect()
#1 C:\xampp\htdocs\cakestrap\lib\Cake\Model\ConnectionManager.php(101): DboSource->__construct(Array)
#2 C:\xampp\htdocs\cakestrap\lib\Cake\Model\Model.php(3158): ConnectionManager::getDataSource('default')
#3 C:\xampp\htdocs\cakestrap\lib\Cake\Model\Model.php(1092): Model->setDataSource('default')
#4 C:\xampp\htdocs\cakestrap\lib\Cake\Model\Model.php(3180): Model->setSource('users')
#5 C:\xampp\htdocs\cakestrap\lib\Cake\Model\Model.php(1301): Model->getDataSource()
#6 C:\xampp\htdocs\cakestrap\lib\Cake\View\Helper\FormHelper.php(197): Model->schema()
#7 C:\xampp\htdocs\cakestrap\lib\Cake\View\Helper\FormHelper.php(436): FormHelper->_introspectModel('User', 'fields')
#8 C:\xampp\htdocs\cakestrap\app\View\Elements\form_login.ctp(19): FormHelper->create('User', Array)
#9 C:\xampp\htdocs\cakestrap\lib\Cake\View\View.php(920): include('C:\xampp\htdocs...')
#10 C:\xampp\htdocs\cakestrap\lib\Cake\View\View.php(883): View->_evaluate('C:\xampp\htdocs...', Array)
#11 C:\xampp\htdocs\cakestrap\lib\Cake\View\View.php(424): View->_render('C:\xampp\htdocs...', Array)
#12 C:\xampp\htdocs\cakestrap\app\View\Pages\home.ctp(65): View->element('form_login')
#13 C:\xampp\htdocs\cakestrap\lib\Cake\View\View.php(920): include('C:\xampp\htdocs...')
#14 C:\xampp\htdocs\cakestrap\lib\Cake\View\View.php(883): View->_evaluate('C:\xampp\htdocs...', Array)
#15 C:\xampp\htdocs\cakestrap\lib\Cake\View\View.php(475): View->_render('C:\xampp\htdocs...')
#16 C:\xampp\htdocs\cakestrap\lib\Cake\Controller\Controller.php(957): View->render(NULL, NULL)
#17 C:\xampp\htdocs\cakestrap\lib\Cake\Routing\Dispatcher.php(193): Controller->render()
#18 C:\xampp\htdocs\cakestrap\lib\Cake\Routing\Dispatcher.php(161): Dispatcher->_invoke(Object(PagesController), Object(CakeRequest), Object(CakeResponse))
#19 C:\xampp\htdocs\cakestrap\app\webroot\index.php(92): Dispatcher->dispatch(Object(CakeRequest), Object(CakeResponse))
#20 {main}
2013-03-16 15:40:06 Error: [MissingConnectionException] Database connection "SQLSTATE[HY000] [2002] Nenhuma conexão pôde ser feita porque a máquina de destino as recusou ativamente.
" is missing, or could not be created.
#0 C:\xampp\htdocs\cakestrap\lib\Cake\Model\Datasource\DboSource.php(260): Mysql->connect()
#1 C:\xampp\htdocs\cakestrap\lib\Cake\Model\ConnectionManager.php(101): DboSource->__construct(Array)
#2 C:\xampp\htdocs\cakestrap\lib\Cake\Model\Model.php(3158): ConnectionManager::getDataSource('default')
#3 C:\xampp\htdocs\cakestrap\lib\Cake\Model\Model.php(1092): Model->setDataSource('default')
#4 C:\xampp\htdocs\cakestrap\lib\Cake\Model\Model.php(3180): Model->setSource('users')
#5 C:\xampp\htdocs\cakestrap\lib\Cake\Model\Model.php(1301): Model->getDataSource()
#6 C:\xampp\htdocs\cakestrap\lib\Cake\View\Helper\FormHelper.php(197): Model->schema()
#7 C:\xampp\htdocs\cakestrap\lib\Cake\View\Helper\FormHelper.php(436): FormHelper->_introspectModel('User', 'fields')
#8 C:\xampp\htdocs\cakestrap\app\View\Elements\form_login.ctp(19): FormHelper->create('User', Array)
#9 C:\xampp\htdocs\cakestrap\lib\Cake\View\View.php(920): include('C:\xampp\htdocs...')
#10 C:\xampp\htdocs\cakestrap\lib\Cake\View\View.php(883): View->_evaluate('C:\xampp\htdocs...', Array)
#11 C:\xampp\htdocs\cakestrap\lib\Cake\View\View.php(424): View->_render('C:\xampp\htdocs...', Array)
#12 C:\xampp\htdocs\cakestrap\app\View\Pages\home.ctp(65): View->element('form_login')
#13 C:\xampp\htdocs\cakestrap\lib\Cake\View\View.php(920): include('C:\xampp\htdocs...')
#14 C:\xampp\htdocs\cakestrap\lib\Cake\View\View.php(883): View->_evaluate('C:\xampp\htdocs...', Array)
#15 C:\xampp\htdocs\cakestrap\lib\Cake\View\View.php(475): View->_render('C:\xampp\htdocs...')
#16 C:\xampp\htdocs\cakestrap\lib\Cake\Controller\Controller.php(957): View->render(NULL, NULL)
#17 C:\xampp\htdocs\cakestrap\lib\Cake\Routing\Dispatcher.php(193): Controller->render()
#18 C:\xampp\htdocs\cakestrap\lib\Cake\Routing\Dispatcher.php(161): Dispatcher->_invoke(Object(PagesController), Object(CakeRequest), Object(CakeResponse))
#19 C:\xampp\htdocs\cakestrap\app\webroot\index.php(92): Dispatcher->dispatch(Object(CakeRequest), Object(CakeResponse))
#20 {main}
2013-03-16 15:41:02 Error: [MissingTableException] Table users for model User was not found in datasource default.
#0 C:\xampp\htdocs\cakestrap\lib\Cake\Model\Model.php(3180): Model->setSource('users')
#1 C:\xampp\htdocs\cakestrap\lib\Cake\Model\Model.php(1301): Model->getDataSource()
#2 C:\xampp\htdocs\cakestrap\lib\Cake\View\Helper\FormHelper.php(197): Model->schema()
#3 C:\xampp\htdocs\cakestrap\lib\Cake\View\Helper\FormHelper.php(436): FormHelper->_introspectModel('User', 'fields')
#4 C:\xampp\htdocs\cakestrap\app\View\Elements\form_login.ctp(19): FormHelper->create('User', Array)
#5 C:\xampp\htdocs\cakestrap\lib\Cake\View\View.php(920): include('C:\xampp\htdocs...')
#6 C:\xampp\htdocs\cakestrap\lib\Cake\View\View.php(883): View->_evaluate('C:\xampp\htdocs...', Array)
#7 C:\xampp\htdocs\cakestrap\lib\Cake\View\View.php(424): View->_render('C:\xampp\htdocs...', Array)
#8 C:\xampp\htdocs\cakestrap\app\View\Pages\home.ctp(65): View->element('form_login')
#9 C:\xampp\htdocs\cakestrap\lib\Cake\View\View.php(920): include('C:\xampp\htdocs...')
#10 C:\xampp\htdocs\cakestrap\lib\Cake\View\View.php(883): View->_evaluate('C:\xampp\htdocs...', Array)
#11 C:\xampp\htdocs\cakestrap\lib\Cake\View\View.php(475): View->_render('C:\xampp\htdocs...')
#12 C:\xampp\htdocs\cakestrap\lib\Cake\Controller\Controller.php(957): View->render(NULL, NULL)
#13 C:\xampp\htdocs\cakestrap\lib\Cake\Routing\Dispatcher.php(193): Controller->render()
#14 C:\xampp\htdocs\cakestrap\lib\Cake\Routing\Dispatcher.php(161): Dispatcher->_invoke(Object(PagesController), Object(CakeRequest), Object(CakeResponse))
#15 C:\xampp\htdocs\cakestrap\app\webroot\index.php(92): Dispatcher->dispatch(Object(CakeRequest), Object(CakeResponse))
#16 {main}
2013-03-16 15:44:23 Error: [PDOException] SQLSTATE[42S22]: Column not found: 1054 Unknown column 'User.email' in 'where clause'
#0 C:\xampp\htdocs\cakestrap\lib\Cake\Model\Datasource\DboSource.php(461): PDOStatement->execute(Array)
#1 C:\xampp\htdocs\cakestrap\lib\Cake\Model\Datasource\DboSource.php(427): DboSource->_execute('SELECT COUNT(*)...', Array)
#2 C:\xampp\htdocs\cakestrap\lib\Cake\Model\Datasource\DboSource.php(671): DboSource->execute('SELECT COUNT(*)...', Array, Array)
#3 C:\xampp\htdocs\cakestrap\lib\Cake\Model\Datasource\DboSource.php(1082): DboSource->fetchAll('SELECT COUNT(*)...', false)
#4 C:\xampp\htdocs\cakestrap\lib\Cake\Model\Model.php(2631): DboSource->read(Object(User), Array)
#5 C:\xampp\htdocs\cakestrap\lib\Cake\Model\Model.php(2984): Model->find('count', Array)
#6 [internal function]: Model->isUnique(Array, Array)
#7 C:\xampp\htdocs\cakestrap\lib\Cake\Model\Validator\CakeValidationRule.php(272): call_user_func_array(Array, Array)
#8 C:\xampp\htdocs\cakestrap\lib\Cake\Model\Validator\CakeValidationSet.php(132): CakeValidationRule->process('email', Array, Array)
#9 C:\xampp\htdocs\cakestrap\lib\Cake\Model\ModelValidator.php(254): CakeValidationSet->validate(Array, false)
#10 C:\xampp\htdocs\cakestrap\lib\Cake\Model\ModelValidator.php(85): ModelValidator->errors(Array)
#11 C:\xampp\htdocs\cakestrap\lib\Cake\Model\Model.php(3010): ModelValidator->validates(Array)
#12 C:\xampp\htdocs\cakestrap\lib\Cake\Model\Model.php(1643): Model->validates(Array)
#13 C:\xampp\htdocs\cakestrap\app\Controller\UsersController.php(58): Model->save(Array)
#14 [internal function]: UsersController->register()
#15 C:\xampp\htdocs\cakestrap\lib\Cake\Controller\Controller.php(485): ReflectionMethod->invokeArgs(Object(UsersController), Array)
#16 C:\xampp\htdocs\cakestrap\lib\Cake\Routing\Dispatcher.php(186): Controller->invokeAction(Object(CakeRequest))
#17 C:\xampp\htdocs\cakestrap\lib\Cake\Routing\Dispatcher.php(161): Dispatcher->_invoke(Object(UsersController), Object(CakeRequest), Object(CakeResponse))
#18 C:\xampp\htdocs\cakestrap\app\webroot\index.php(92): Dispatcher->dispatch(Object(CakeRequest), Object(CakeResponse))
#19 {main}
2013-03-16 16:08:20 Error: [MissingViewException] View file "C:\xampp\htdocs\cakestrap\app\View\Users\register.ctp" is missing.
#0 C:\xampp\htdocs\cakestrap\lib\Cake\View\View.php(472): View->_getViewFileName(NULL)
#1 C:\xampp\htdocs\cakestrap\lib\Cake\Controller\Controller.php(957): View->render(NULL, NULL)
#2 C:\xampp\htdocs\cakestrap\lib\Cake\Routing\Dispatcher.php(193): Controller->render()
#3 C:\xampp\htdocs\cakestrap\lib\Cake\Routing\Dispatcher.php(161): Dispatcher->_invoke(Object(UsersController), Object(CakeRequest), Object(CakeResponse))
#4 C:\xampp\htdocs\cakestrap\app\webroot\index.php(92): Dispatcher->dispatch(Object(CakeRequest), Object(CakeResponse))
#5 {main}
